Cooking/Android/build_android_apk_local_arm64v8a_armeabiv7a/build/outputs/logs/manifest-merger-release-report.txt
-- Merging decision tree log ---
provider#android.support.v4.content.FileProvider
INJECTED from src/main/AndroidManifest.xml:19:3-26:14
	android:grantUriPermissions
		ADDED from src/main/AndroidManifest.xml:23:3-37
	android:authorities
		INJECTED from src/main/AndroidManifest.xml
		ADDED from src/main/AndroidManifest.xml:21:3-50
	android:exported
		ADDED from src/main/AndroidManifest.xml:22:3-27
	android:name
		ADDED from src/main/AndroidManifest.xml:20:3-57
manifest
ADDED from src/main/AndroidManifest.xml:2:1-28:12
INJECTED from src/main/AndroidManifest.xml:2:1-28:12
INJECTED from src/main/AndroidManifest.xml:2:1-28:12
INJECTED from src/main/AndroidManifest.xml:2:1-28:12
MERGED from [com.android.support:support-v4:25.0.0] AndroidManifest.xml:17:1-27:12
MERGED from [com.android.support:support-fragment:25.0.0] AndroidManifest.xml:17:1-27:12
MERGED from [com.android.support:support-media-compat:25.0.0] AndroidManifest.xml:17:1-27:12
MERGED from [com.android.support:support-core-utils:25.0.0] AndroidManifest.xml:17:1-27:12
MERGED from [com.android.support:support-core-ui:25.0.0] AndroidManifest.xml:17:1-27:12
MERGED from [com.android.support:support-compat:25.0.0] AndroidManifest.xml:17:1-27:12
INJECTED from src/main/AndroidManifest.xml:2:1-28:12
INJECTED from src/main/AndroidManifest.xml:2:1-28:12
INJECTED from src/main/AndroidManifest.xml:2:1-28:12
	package
		ADDED from src/main/AndroidManifest.xml:2:70-102
		INJECTED from src/main/AndroidManifest.xml
		INJECTED from src/main/AndroidManifest.xml
	android:versionName
		INJECTED from src/main/AndroidManifest.xml
		ADDED from src/main/AndroidManifest.xml:2:1-28:12
		INJECTED from src/main/AndroidManifest.xml
	android:versionCode
		INJECTED from src/main/AndroidManifest.xml
		ADDED from src/main/AndroidManifest.xml:2:1-28:12
		INJECTED from src/main/AndroidManifest.xml
	xmlns:android
		ADDED from src/main/AndroidManifest.xml:2:11-69
	android:installLocation
		ADDED from src/main/AndroidManifest.xml:2:103-133
uses-feature#0x00020000
ADDED from src/main/AndroidManifest.xml:4:2-51
	android:glEsVersion
		ADDED from src/main/AndroidManifest.xml:4:16-48
uses-feature#android.hardware.audio.output
ADDED from src/main/AndroidManifest.xml:5:2-88
	android:required
		ADDED from src/main/AndroidManifest.xml:5:61-85
	android:name
		ADDED from src/main/AndroidManifest.xml:5:16-60
uses-permission#android.permission.WRITE_EXTERNAL_STORAGE
ADDED from src/main/AndroidManifest.xml:7:2-78
	android:name
		ADDED from src/main/AndroidManifest.xml:7:19-75
uses-permission#android.permission.MODIFY_AUDIO_SETTINGS
ADDED from src/main/AndroidManifest.xml:8:2-77
	android:name
		ADDED from src/main/AndroidManifest.xml:8:19-74
application
ADDED from src/main/AndroidManifest.xml:10:2-27:16
MERGED from [com.android.support:support-v4:25.0.0] AndroidManifest.xml:25:5-20
MERGED from [com.android.support:support-v4:25.0.0] AndroidManifest.xml:25:5-20
MERGED from [com.android.support:support-fragment:25.0.0] AndroidManifest.xml:25:5-20
MERGED from [com.android.support:support-fragment:25.0.0] AndroidManifest.xml:25:5-20
MERGED from [com.android.support:support-media-compat:25.0.0] AndroidManifest.xml:25:5-20
MERGED from [com.android.support:support-media-compat:25.0.0] AndroidManifest.xml:25:5-20
MERGED from [com.android.support:support-core-utils:25.0.0] AndroidManifest.xml:25:5-20
MERGED from [com.android.support:support-core-utils:25.0.0] AndroidManifest.xml:25:5-20
MERGED from [com.android.support:support-core-ui:25.0.0] AndroidManifest.xml:25:5-20
MERGED from [com.android.support:support-core-ui:25.0.0] AndroidManifest.xml:25:5-20
MERGED from [com.android.support:support-compat:25.0.0] AndroidManifest.xml:25:5-20
MERGED from [com.android.support:support-compat:25.0.0] AndroidManifest.xml:25:5-20
	android:label
		ADDED from src/main/AndroidManifest.xml:10:80-112
	android:hasCode
		ADDED from src/main/AndroidManifest.xml:10:113-135
	android:icon
		ADDED from src/main/AndroidManifest.xml:10:43-79
	android:allowBackup
		ADDED from src/main/AndroidManifest.xml:10:15-42
activity#com.shine_research.sdk.MainActivity
ADDED from src/main/AndroidManifest.xml:11:3-18:14
	android:screenOrientation
		ADDED from src/main/AndroidManifest.xml:11:96-139
	android:label
		ADDED from src/main/AndroidManifest.xml:11:241-273
	android:launchMode
		ADDED from src/main/AndroidManifest.xml:11:64-95
	android:windowSoftInputMode
		ADDED from src/main/AndroidManifest.xml:11:274-316
	android:configChanges
		ADDED from src/main/AndroidManifest.xml:11:140-240
	android:name
		ADDED from src/main/AndroidManifest.xml:11:13-63
meta-data#android.app.lib_name
ADDED from src/main/AndroidManifest.xml:12:3-76
	android:value
		ADDED from src/main/AndroidManifest.xml:12:50-74
	android:name
		ADDED from src/main/AndroidManifest.xml:12:14-49
intent-filter#action:name:android.intent.action.MAIN+category:name:android.intent.category.LAUNCHER+category:name:tv.ouya.intent.category.GAME
ADDED from src/main/AndroidManifest.xml:13:4-17:20
action#android.intent.action.MAIN
ADDED from src/main/AndroidManifest.xml:14:5-57
	android:name
		ADDED from src/main/AndroidManifest.xml:14:13-54
category#android.intent.category.LAUNCHER
ADDED from src/main/AndroidManifest.xml:15:5-65
	android:name
		ADDED from src/main/AndroidManifest.xml:15:15-62
category#tv.ouya.intent.category.GAME
ADDED from src/main/AndroidManifest.xml:16:5-61
	android:name
		ADDED from src/main/AndroidManifest.xml:16:15-58
uses-sdk
INJECTED from src/main/AndroidManifest.xml reason: use-sdk injection requested
INJECTED from src/main/AndroidManifest.xml
INJECTED from src/main/AndroidManifest.xml
MERGED from [com.android.support:support-v4:25.0.0] AndroidManifest.xml:21:5-23:54
MERGED from [com.android.support:support-v4:25.0.0] AndroidManifest.xml:21:5-23:54
MERGED from [com.android.support:support-fragment:25.0.0] AndroidManifest.xml:21:5-23:60
MERGED from [com.android.support:support-fragment:25.0.0] AndroidManifest.xml:21:5-23:60
MERGED from [com.android.support:support-media-compat:25.0.0] AndroidManifest.xml:21:5-23:63
MERGED from [com.android.support:support-media-compat:25.0.0] AndroidManifest.xml:21:5-23:63
MERGED from [com.android.support:support-core-utils:25.0.0] AndroidManifest.xml:21:5-23:61
MERGED from [com.android.support:support-core-utils:25.0.0] AndroidManifest.xml:21:5-23:61
MERGED from [com.android.support:support-core-ui:25.0.0] AndroidManifest.xml:21:5-23:58
MERGED from [com.android.support:support-core-ui:25.0.0] AndroidManifest.xml:21:5-23:58
MERGED from [com.android.support:support-compat:25.0.0] AndroidManifest.xml:21:5-23:58
MERGED from [com.android.support:support-compat:25.0.0] AndroidManifest.xml:21:5-23:58
INJECTED from src/main/AndroidManifest.xml
INJECTED from src/main/AndroidManifest.xml
	tools:overrideLibrary
		ADDED from [com.android.support:support-v4:25.0.0] AndroidManifest.xml:23:9-51
	android:targetSdkVersion
		INJECTED from src/main/AndroidManifest.xml
		ADDED from src/main/AndroidManifest.xml
		INJECTED from src/main/AndroidManifest.xml
	android:minSdkVersion
		INJECTED from src/main/AndroidManifest.xml
		ADDED from src/main/AndroidManifest.xml
		INJECTED from src/main/AndroidManifest.xml
meta-data#android.support.FILE_PROVIDER_PATHS
ADDED from src/main/AndroidManifest.xml:25:4-106
	android:resource
		ADDED from src/main/AndroidManifest.xml:25:66-104
	android:name
		ADDED from src/main/AndroidManifest.xml:25:15-65